<html>
<head>
<title>TestNG:  Test</title>
<link href="../testng.css" rel="stylesheet" type="text/css" />
<link href="../my-testng.css" rel="stylesheet" type="text/css" />

<style type="text/css">
.log { display: none;} 
.stack-trace { display: none;} 
</style>
<script type="text/javascript">
<!--
function flip(e) {
  current = e.style.display;
  if (current == 'block') {
    e.style.display = 'none';
    return 0;
  }
  else {
    e.style.display = 'block';
    return 1;
  }
}

function toggleBox(szDivId, elem, msg1, msg2)
{
  var res = -1;  if (document.getElementById) {
    res = flip(document.getElementById(szDivId));
  }
  else if (document.all) {
    // this is the way old msie versions work
    res = flip(document.all[szDivId]);
  }
  if(elem) {
    if(res == 0) elem.innerHTML = msg1; else elem.innerHTML = msg2;
  }

}

function toggleAllBoxes() {
  if (document.getElementsByTagName) {
    d = document.getElementsByTagName('div');
    for (i = 0; i < d.length; i++) {
      if (d[i].className == 'log') {
        flip(d[i]);
      }
    }
  }
}

// -->
</script>

</head>
<body>
<h2 align='center'>Test</h2><table border='1' align="center">
<tr>
<td>Tests passed/Failed/Skipped:</td><td>27/3/1</td>
</tr><tr>
<td>Started on:</td><td>Thu May 25 17:53:11 IST 2023</td>
</tr>
<tr><td>Total time:</td><td>1184 seconds (1184979 ms)</td>
</tr><tr>
<td>Included groups:</td><td></td>
</tr><tr>
<td>Excluded groups:</td><td></td>
</tr>
</table><p/>
<small><i>(Hover the method name to see the test class name)</i></small><p/>
<table width='100%' border='1' class='invocation-failed'>
<tr><td colspan='4' align='center'><b>FAILED CONFIGURATIONS</b></td></tr>
<tr><td><b>Test method</b></td>
<td width="30%"><b>Exception</b></td>
<td width="10%"><b>Time (seconds)</b></td>
<td><b>Instance</b></td>
</tr>
<tr>
<td title='testCaseBestBuy.TC_03_SignInFunctionality.start()'><b>start</b><br>Test class: testCaseBestBuy.TC_03_SignInFunctionality</td>
<td><div><pre>org.openqa.selenium.SessionNotCreatedException: session not created
from no such execution context: uniqueContextId not found
  (Session info: chrome=113.0.5672.127)
Build info: version: &apos;3.141.59&apos;, revision: &apos;e82be7d358&apos;, time: &apos;2018-11-14T08:17:03&apos;
System info: host: &apos;DESKTOP-N995C3G&apos;, ip: &apos;192.168.29.6&apos;, os.name: &apos;Windows 11&apos;, os.arch: &apos;amd64&apos;, os.version: &apos;10.0&apos;, java.version: &apos;17.0.5&apos;
Driver info: driver.version: ChromeDriver
remote stacktrace: Backtrace:
	GetHandleVerifier [0x006D8893+48451]
	(No symbol) [0x0066B8A1]
	(No symbol) [0x00575058]
	(No symbol) [0x005687D0]
	(No symbol) [0x00566F58]
	(No symbol) [0x005675CA]
	(No symbol) [0x00578067]
	(No symbol) [0x00579631]
	(No symbol) [0x005796D0]
	(No symbol) [0x005C1A58]
	(No symbol) [0x005C047C]
	(No symbol) [0x005BA0B6]
	(No symbol) [0x00597E08]
	(No symbol) [0x00598F2D]
	GetHandleVerifier [0x00938E3A+2540266]
	GetHandleVerifier [0x00978959+2801161]
	GetHandleVerifier [0x0097295C+2776588]
	GetHandleVerifier [0x00762280+612144]
	(No symbol) [0x00674F6C]
	(No symbol) [0x006711D8]
	(No symbol) [0x006712BB]
	(No symbol) [0x00664857]
	BaseThreadInitThunk [0x75E87D59+25]
	RtlInitializeExceptionChain [0x77CBB74B+107]
	RtlClearBits [0x77CBB6CF+191]

	at org.openqa.selenium.remote.W3CHandshakeResponse.lambda$errorHandler$0(W3CHandshakeResponse.java:62)
	at org.openqa.selenium.remote.HandshakeResponse.lambda$getResponseFunction$0(HandshakeResponse.java:30)
	at org.openqa.selenium.remote.ProtocolHandshake.lambda$createSession$0(ProtocolHandshake.java:126)
	at java.base/java.util.stream.ReferencePipeline$3$1.accept(ReferencePipeline.java:197)
	at java.base/java.util.Spliterators$ArraySpliterator.tryAdvance(Spliterators.java:1002)
	at java.base/java.util.stream.ReferencePipeline.forEachWithCancel(ReferencePipeline.java:129)
	at java.base/java.util.stream.AbstractPipeline.copyIntoWithCancel(AbstractPipeline.java:527)
	at java.base/java.util.stream.AbstractPipeline.copyInto(AbstractPipeline.java:513)
	at java.base/java.util.stream.AbstractPipeline.wrapAndCopyInto(AbstractPipeline.java:499)
	at java.base/java.util.stream.FindOps$FindOp.evaluateSequential(FindOps.java:150)
	at java.base/java.util.stream.AbstractPipeline.evaluate(AbstractPipeline.java:234)
	at java.base/java.util.stream.ReferencePipeline.findFirst(ReferencePipeline.java:647)
	at org.openqa.selenium.remote.ProtocolHandshake.createSession(ProtocolHandshake.java:128)
	at org.openqa.selenium.remote.ProtocolHandshake.createSession(ProtocolHandshake.java:74)
	at org.openqa.selenium.remote.HttpCommandExecutor.execute(HttpCommandExecutor.java:136)
	at org.openqa.selenium.remote.service.DriverCommandExecutor.execute(DriverCommandExecutor.java:83)
	at org.openqa.selenium.remote.RemoteWebDriver.execute(RemoteWebDriver.java:552)
	at org.openqa.selenium.remote.RemoteWebDriver.startSession(RemoteWebDriver.java:213)
	at org.openqa.selenium.remote.RemoteWebDriver.&lt;init&gt;(RemoteWebDriver.java:131)
	at org.openqa.selenium.chrome.ChromeDriver.&lt;init&gt;(ChromeDriver.java:181)
	at org.openqa.selenium.chrome.ChromeDriver.&lt;init&gt;(ChromeDriver.java:168)
	at org.openqa.selenium.chrome.ChromeDriver.&lt;init&gt;(ChromeDriver.java:123)
	at utilsBestBuy.UtilsBB.launchBrowser(UtilsBB.java:59)
	at baseBestBuy.BaseClassBB.start(BaseClassBB.java:34)
	at java.base/java.util.ArrayList.forEach(ArrayList.java:1511)
... Removed 35 stack frames</pre></div><a href='#' onClick='toggleBox("stack-trace61783476", this, "Click to show all stack frames", "Click to hide stack frames")'>Click to show all stack frames</a>
<div class='stack-trace' id='stack-trace61783476'><pre>org.openqa.selenium.SessionNotCreatedException: session not created
from no such execution context: uniqueContextId not found
  (Session info: chrome=113.0.5672.127)
Build info: version: &apos;3.141.59&apos;, revision: &apos;e82be7d358&apos;, time: &apos;2018-11-14T08:17:03&apos;
System info: host: &apos;DESKTOP-N995C3G&apos;, ip: &apos;192.168.29.6&apos;, os.name: &apos;Windows 11&apos;, os.arch: &apos;amd64&apos;, os.version: &apos;10.0&apos;, java.version: &apos;17.0.5&apos;
Driver info: driver.version: ChromeDriver
remote stacktrace: Backtrace:
	GetHandleVerifier [0x006D8893+48451]
	(No symbol) [0x0066B8A1]
	(No symbol) [0x00575058]
	(No symbol) [0x005687D0]
	(No symbol) [0x00566F58]
	(No symbol) [0x005675CA]
	(No symbol) [0x00578067]
	(No symbol) [0x00579631]
	(No symbol) [0x005796D0]
	(No symbol) [0x005C1A58]
	(No symbol) [0x005C047C]
	(No symbol) [0x005BA0B6]
	(No symbol) [0x00597E08]
	(No symbol) [0x00598F2D]
	GetHandleVerifier [0x00938E3A+2540266]
	GetHandleVerifier [0x00978959+2801161]
	GetHandleVerifier [0x0097295C+2776588]
	GetHandleVerifier [0x00762280+612144]
	(No symbol) [0x00674F6C]
	(No symbol) [0x006711D8]
	(No symbol) [0x006712BB]
	(No symbol) [0x00664857]
	BaseThreadInitThunk [0x75E87D59+25]
	RtlInitializeExceptionChain [0x77CBB74B+107]
	RtlClearBits [0x77CBB6CF+191]

	at java.base/jdk.internal.reflect.NativeConstructorAccessorImpl.newInstance0(Native Method)
	at java.base/jdk.internal.reflect.NativeConstructorAccessorImpl.newInstance(NativeConstructorAccessorImpl.java:77)
	at java.base/jdk.internal.reflect.DelegatingConstructorAccessorImpl.newInstance(DelegatingConstructorAccessorImpl.java:45)
	at java.base/java.lang.reflect.Constructor.newInstanceWithCaller(Constructor.java:499)
	at java.base/java.lang.reflect.Constructor.newInstance(Constructor.java:480)
	at org.openqa.selenium.remote.W3CHandshakeResponse.lambda$errorHandler$0(W3CHandshakeResponse.java:62)
	at org.openqa.selenium.remote.HandshakeResponse.lambda$getResponseFunction$0(HandshakeResponse.java:30)
	at org.openqa.selenium.remote.ProtocolHandshake.lambda$createSession$0(ProtocolHandshake.java:126)
	at java.base/java.util.stream.ReferencePipeline$3$1.accept(ReferencePipeline.java:197)
	at java.base/java.util.Spliterators$ArraySpliterator.tryAdvance(Spliterators.java:1002)
	at java.base/java.util.stream.ReferencePipeline.forEachWithCancel(ReferencePipeline.java:129)
	at java.base/java.util.stream.AbstractPipeline.copyIntoWithCancel(AbstractPipeline.java:527)
	at java.base/java.util.stream.AbstractPipeline.copyInto(AbstractPipeline.java:513)
	at java.base/java.util.stream.AbstractPipeline.wrapAndCopyInto(AbstractPipeline.java:499)
	at java.base/java.util.stream.FindOps$FindOp.evaluateSequential(FindOps.java:150)
	at java.base/java.util.stream.AbstractPipeline.evaluate(AbstractPipeline.java:234)
	at java.base/java.util.stream.ReferencePipeline.findFirst(ReferencePipeline.java:647)
	at org.openqa.selenium.remote.ProtocolHandshake.createSession(ProtocolHandshake.java:128)
	at org.openqa.selenium.remote.ProtocolHandshake.createSession(ProtocolHandshake.java:74)
	at org.openqa.selenium.remote.HttpCommandExecutor.execute(HttpCommandExecutor.java:136)
	at org.openqa.selenium.remote.service.DriverCommandExecutor.execute(DriverCommandExecutor.java:83)
	at org.openqa.selenium.remote.RemoteWebDriver.execute(RemoteWebDriver.java:552)
	at org.openqa.selenium.remote.RemoteWebDriver.startSession(RemoteWebDriver.java:213)
	at org.openqa.selenium.remote.RemoteWebDriver.&lt;init&gt;(RemoteWebDriver.java:131)
	at org.openqa.selenium.chrome.ChromeDriver.&lt;init&gt;(ChromeDriver.java:181)
	at org.openqa.selenium.chrome.ChromeDriver.&lt;init&gt;(ChromeDriver.java:168)
	at org.openqa.selenium.chrome.ChromeDriver.&lt;init&gt;(ChromeDriver.java:123)
	at utilsBestBuy.UtilsBB.launchBrowser(UtilsBB.java:59)
	at baseBestBuy.BaseClassBB.start(BaseClassBB.java:34)
	at jdk.internal.reflect.GeneratedMethodAccessor5.invoke(Unknown Source)
	at java.base/jdk.internal.reflect.DelegatingMethodAccessorImpl.invoke(DelegatingMethodAccessorImpl.java:43)
	at java.base/java.lang.reflect.Method.invoke(Method.java:568)
	at org.testng.internal.MethodInvocationHelper.invokeMethod(MethodInvocationHelper.java:133)
	at org.testng.internal.MethodInvocationHelper.invokeMethodConsideringTimeout(MethodInvocationHelper.java:62)
	at org.testng.internal.ConfigInvoker.invokeConfigurationMethod(ConfigInvoker.java:385)
	at org.testng.internal.ConfigInvoker.invokeConfigurations(ConfigInvoker.java:321)
	at org.testng.internal.TestInvoker.runConfigMethods(TestInvoker.java:700)
	at org.testng.internal.TestInvoker.invokeMethod(TestInvoker.java:527)
	at org.testng.internal.TestInvoker.invokeTestMethod(TestInvoker.java:173)
	at org.testng.internal.MethodRunner.runInSequence(MethodRunner.java:46)
	at org.testng.internal.TestInvoker$MethodInvocationAgent.invoke(TestInvoker.java:824)
	at org.testng.internal.TestInvoker.invokeTestMethods(TestInvoker.java:146)
	at org.testng.internal.TestMethodWorker.invokeTestMethods(TestMethodWorker.java:146)
	at org.testng.internal.TestMethodWorker.run(TestMethodWorker.java:128)
	at java.base/java.util.ArrayList.forEach(ArrayList.java:1511)
	at org.testng.TestRunner.privateRun(TestRunner.java:794)
	at org.testng.TestRunner.run(TestRunner.java:596)
	at org.testng.SuiteRunner.runTest(SuiteRunner.java:377)
	at org.testng.SuiteRunner.runSequentially(SuiteRunner.java:371)
	at org.testng.SuiteRunner.privateRun(SuiteRunner.java:332)
	at org.testng.SuiteRunner.run(SuiteRunner.java:276)
	at org.testng.SuiteRunnerWorker.runSuite(SuiteRunnerWorker.java:53)
	at org.testng.SuiteRunnerWorker.run(SuiteRunnerWorker.java:96)
	at org.testng.TestNG.runSuitesSequentially(TestNG.java:1212)
	at org.testng.TestNG.runSuitesLocally(TestNG.java:1134)
	at org.testng.TestNG.runSuites(TestNG.java:1063)
	at org.testng.TestNG.run(TestNG.java:1031)
	at org.testng.remote.AbstractRemoteTestNG.run(AbstractRemoteTestNG.java:115)
	at org.testng.remote.RemoteTestNG.initAndRun(RemoteTestNG.java:251)
	at org.testng.remote.RemoteTestNG.main(RemoteTestNG.java:77)
</pre></div></td>
<td>1</td>
<td>testCaseBestBuy.TC_03_SignInFunctionality@3cebbb30</td></tr>
</table><p>
<table width='100%' border='1' class='invocation-skipped'>
<tr><td colspan='4' align='center'><b>SKIPPED CONFIGURATIONS</b></td></tr>
<tr><td><b>Test method</b></td>
<td width="30%"><b>Exception</b></td>
<td width="10%"><b>Time (seconds)</b></td>
<td><b>Instance</b></td>
</tr>
<tr>
<td title='testCaseBestBuy.TC_03_SignInFunctionality.close()'><b>close</b><br>Test class: testCaseBestBuy.TC_03_SignInFunctionality</td>
<td></td>
<td>-1685018280</td>
<td>testCaseBestBuy.TC_03_SignInFunctionality@3cebbb30</td></tr>
</table><p>
<table width='100%' border='1' class='invocation-failed'>
<tr><td colspan='4' align='center'><b>FAILED TESTS</b></td></tr>
<tr><td><b>Test method</b></td>
<td width="30%"><b>Exception</b></td>
<td width="10%"><b>Time (seconds)</b></td>
<td><b>Instance</b></td>
</tr>
<tr>
<td title='testCaseBestBuy.TC_03_SignInFunctionality.tc_03_SignInFunctionality()'><b>tc_03_SignInFunctionality</b><br>Test class: testCaseBestBuy.TC_03_SignInFunctionality<br>Parameters: vino18493@gmail.com, teting, //div[text()='The password was incorrect. Please try again.'], The password was incorrect. Please try again.</td>
<td><div><pre>org.openqa.selenium.NoSuchElementException: no such element: Unable to locate element: {&quot;method&quot;:&quot;xpath&quot;,&quot;selector&quot;:&quot;//div[text()=&apos;The password was incorrect. Please try again.&apos;]&quot;}
  (Session info: chrome=113.0.5672.127)
For documentation on this error, please visit: https://www.seleniumhq.org/exceptions/no_such_element.html
Build info: version: &apos;3.141.59&apos;, revision: &apos;e82be7d358&apos;, time: &apos;2018-11-14T08:17:03&apos;
System info: host: &apos;DESKTOP-N995C3G&apos;, ip: &apos;192.168.29.6&apos;, os.name: &apos;Windows 11&apos;, os.arch: &apos;amd64&apos;, os.version: &apos;10.0&apos;, java.version: &apos;17.0.5&apos;
Driver info: org.openqa.selenium.chrome.ChromeDriver
Capabilities {acceptInsecureCerts: false, browserName: chrome, browserVersion: 113.0.5672.127, chrome: {chromedriverVersion: 113.0.5672.63 (0e1a4471d5ae..., userDataDir: C:\Users\HP\AppData\Local\T...}, goog:chromeOptions: {debuggerAddress: localhost:49479}, javascriptEnabled: true, networkConnectionEnabled: false, pageLoadStrategy: normal, platform: WINDOWS, platformName: WINDOWS, proxy: Proxy(), setWindowRect: true, strictFileInteractability: false, timeouts: {implicit: 0, pageLoad: 300000, script: 30000}, unhandledPromptBehavior: dismiss and notify, webauthn:extension:credBlob: true, webauthn:extension:largeBlob: true, webauthn:extension:minPinLength: true, webauthn:extension:prf: true, webauthn:virtualAuthenticators: true}
Session ID: 848244962865847cbb33a7a7cc0e6cf4
*** Element info: {Using=xpath, value=//div[text()=&apos;The password was incorrect. Please try again.&apos;]}
	at org.openqa.selenium.remote.http.W3CHttpResponseCodec.createException(W3CHttpResponseCodec.java:187)
	at org.openqa.selenium.remote.http.W3CHttpResponseCodec.decode(W3CHttpResponseCodec.java:122)
	at org.openqa.selenium.remote.http.W3CHttpResponseCodec.decode(W3CHttpResponseCodec.java:49)
	at org.openqa.selenium.remote.HttpCommandExecutor.execute(HttpCommandExecutor.java:158)
	at org.openqa.selenium.remote.service.DriverCommandExecutor.execute(DriverCommandExecutor.java:83)
	at org.openqa.selenium.remote.RemoteWebDriver.execute(RemoteWebDriver.java:552)
	at org.openqa.selenium.remote.RemoteWebDriver.findElement(RemoteWebDriver.java:323)
	at org.openqa.selenium.remote.RemoteWebDriver.findElementByXPath(RemoteWebDriver.java:428)
	at org.openqa.selenium.By$ByXPath.findElement(By.java:353)
	at org.openqa.selenium.remote.RemoteWebDriver.findElement(RemoteWebDriver.java:315)
	at pagesBestBuy.SignInPageBB.signInFunctionality(SignInPageBB.java:32)
	at testCaseBestBuy.TC_03_SignInFunctionality.tc_03_SignInFunctionality(TC_03_SignInFunctionality.java:29)
	at java.base/java.util.ArrayList.forEach(ArrayList.java:1511)
... Removed 32 stack frames</pre></div><a href='#' onClick='toggleBox("stack-trace1312538939", this, "Click to show all stack frames", "Click to hide stack frames")'>Click to show all stack frames</a>
<div class='stack-trace' id='stack-trace1312538939'><pre>org.openqa.selenium.NoSuchElementException: no such element: Unable to locate element: {&quot;method&quot;:&quot;xpath&quot;,&quot;selector&quot;:&quot;//div[text()=&apos;The password was incorrect. Please try again.&apos;]&quot;}
  (Session info: chrome=113.0.5672.127)
For documentation on this error, please visit: https://www.seleniumhq.org/exceptions/no_such_element.html
Build info: version: &apos;3.141.59&apos;, revision: &apos;e82be7d358&apos;, time: &apos;2018-11-14T08:17:03&apos;
System info: host: &apos;DESKTOP-N995C3G&apos;, ip: &apos;192.168.29.6&apos;, os.name: &apos;Windows 11&apos;, os.arch: &apos;amd64&apos;, os.version: &apos;10.0&apos;, java.version: &apos;17.0.5&apos;
Driver info: org.openqa.selenium.chrome.ChromeDriver
Capabilities {acceptInsecureCerts: false, browserName: chrome, browserVersion: 113.0.5672.127, chrome: {chromedriverVersion: 113.0.5672.63 (0e1a4471d5ae..., userDataDir: C:\Users\HP\AppData\Local\T...}, goog:chromeOptions: {debuggerAddress: localhost:49479}, javascriptEnabled: true, networkConnectionEnabled: false, pageLoadStrategy: normal, platform: WINDOWS, platformName: WINDOWS, proxy: Proxy(), setWindowRect: true, strictFileInteractability: false, timeouts: {implicit: 0, pageLoad: 300000, script: 30000}, unhandledPromptBehavior: dismiss and notify, webauthn:extension:credBlob: true, webauthn:extension:largeBlob: true, webauthn:extension:minPinLength: true, webauthn:extension:prf: true, webauthn:virtualAuthenticators: true}
Session ID: 848244962865847cbb33a7a7cc0e6cf4
*** Element info: {Using=xpath, value=//div[text()=&apos;The password was incorrect. Please try again.&apos;]}
	at java.base/jdk.internal.reflect.NativeConstructorAccessorImpl.newInstance0(Native Method)
	at java.base/jdk.internal.reflect.NativeConstructorAccessorImpl.newInstance(NativeConstructorAccessorImpl.java:77)
	at java.base/jdk.internal.reflect.DelegatingConstructorAccessorImpl.newInstance(DelegatingConstructorAccessorImpl.java:45)
	at java.base/java.lang.reflect.Constructor.newInstanceWithCaller(Constructor.java:499)
	at java.base/java.lang.reflect.Constructor.newInstance(Constructor.java:480)
	at org.openqa.selenium.remote.http.W3CHttpResponseCodec.createException(W3CHttpResponseCodec.java:187)
	at org.openqa.selenium.remote.http.W3CHttpResponseCodec.decode(W3CHttpResponseCodec.java:122)
	at org.openqa.selenium.remote.http.W3CHttpResponseCodec.decode(W3CHttpResponseCodec.java:49)
	at org.openqa.selenium.remote.HttpCommandExecutor.execute(HttpCommandExecutor.java:158)
	at org.openqa.selenium.remote.service.DriverCommandExecutor.execute(DriverCommandExecutor.java:83)
	at org.openqa.selenium.remote.RemoteWebDriver.execute(RemoteWebDriver.java:552)
	at org.openqa.selenium.remote.RemoteWebDriver.findElement(RemoteWebDriver.java:323)
	at org.openqa.selenium.remote.RemoteWebDriver.findElementByXPath(RemoteWebDriver.java:428)
	at org.openqa.selenium.By$ByXPath.findElement(By.java:353)
	at org.openqa.selenium.remote.RemoteWebDriver.findElement(RemoteWebDriver.java:315)
	at pagesBestBuy.SignInPageBB.signInFunctionality(SignInPageBB.java:32)
	at testCaseBestBuy.TC_03_SignInFunctionality.tc_03_SignInFunctionality(TC_03_SignInFunctionality.java:29)
	at java.base/jdk.internal.reflect.NativeMethodAccessorImpl.invoke0(Native Method)
	at java.base/jdk.internal.reflect.NativeMethodAccessorImpl.invoke(NativeMethodAccessorImpl.java:77)
	at java.base/jdk.internal.reflect.DelegatingMethodAccessorImpl.invoke(DelegatingMethodAccessorImpl.java:43)
	at java.base/java.lang.reflect.Method.invoke(Method.java:568)
	at org.testng.internal.MethodInvocationHelper.invokeMethod(MethodInvocationHelper.java:133)
	at org.testng.internal.TestInvoker.invokeMethod(TestInvoker.java:598)
	at org.testng.internal.TestInvoker.invokeTestMethod(TestInvoker.java:173)
	at org.testng.internal.MethodRunner.runInSequence(MethodRunner.java:46)
	at org.testng.internal.TestInvoker$MethodInvocationAgent.invoke(TestInvoker.java:824)
	at org.testng.internal.TestInvoker.invokeTestMethods(TestInvoker.java:146)
	at org.testng.internal.TestMethodWorker.invokeTestMethods(TestMethodWorker.java:146)
	at org.testng.internal.TestMethodWorker.run(TestMethodWorker.java:128)
	at java.base/java.util.ArrayList.forEach(ArrayList.java:1511)
	at org.testng.TestRunner.privateRun(TestRunner.java:794)
	at org.testng.TestRunner.run(TestRunner.java:596)
	at org.testng.SuiteRunner.runTest(SuiteRunner.java:377)
	at org.testng.SuiteRunner.runSequentially(SuiteRunner.java:371)
	at org.testng.SuiteRunner.privateRun(SuiteRunner.java:332)
	at org.testng.SuiteRunner.run(SuiteRunner.java:276)
	at org.testng.SuiteRunnerWorker.runSuite(SuiteRunnerWorker.java:53)
	at org.testng.SuiteRunnerWorker.run(SuiteRunnerWorker.java:96)
	at org.testng.TestNG.runSuitesSequentially(TestNG.java:1212)
	at org.testng.TestNG.runSuitesLocally(TestNG.java:1134)
	at org.testng.TestNG.runSuites(TestNG.java:1063)
	at org.testng.TestNG.run(TestNG.java:1031)
	at org.testng.remote.AbstractRemoteTestNG.run(AbstractRemoteTestNG.java:115)
	at org.testng.remote.RemoteTestNG.initAndRun(RemoteTestNG.java:251)
	at org.testng.remote.RemoteTestNG.main(RemoteTestNG.java:77)
</pre></div></td>
<td>27</td>
<td>testCaseBestBuy.TC_03_SignInFunctionality@3cebbb30</td></tr>
<tr>
<td title='testCaseBestBuy.TC_09_CheckOutPageFilling.tc_09_CheckOutPageFilling()'><b>tc_09_CheckOutPageFilling</b><br>Test class: testCaseBestBuy.TC_09_CheckOutPageFilling</td>
<td><div><pre>org.openqa.selenium.ElementClickInterceptedException: element click intercepted: Element &lt;button class=&quot;c-button c-button-primary c-button-sm c-button-block c-button-icon c-button-icon-leading add-to-cart-button&quot; type=&quot;button&quot; data-sku-id=&quot;6360418&quot; data-button-state=&quot;ADD_TO_CART&quot; style=&quot;padding:0 8px&quot;&gt;...&lt;/button&gt; is not clickable at point (1380, 721). Other element would receive the click: &lt;div id=&quot;survey_window&quot; class=&quot;modal fade modal-open in&quot; role=&quot;dialog&quot; style=&quot;margin-top: 243px; display: block;&quot;&gt;...&lt;/div&gt;
  (Session info: chrome=113.0.5672.127)
Build info: version: &apos;3.141.59&apos;, revision: &apos;e82be7d358&apos;, time: &apos;2018-11-14T08:17:03&apos;
System info: host: &apos;DESKTOP-N995C3G&apos;, ip: &apos;192.168.29.6&apos;, os.name: &apos;Windows 11&apos;, os.arch: &apos;amd64&apos;, os.version: &apos;10.0&apos;, java.version: &apos;17.0.5&apos;
Driver info: org.openqa.selenium.chrome.ChromeDriver
Capabilities {acceptInsecureCerts: false, browserName: chrome, browserVersion: 113.0.5672.127, chrome: {chromedriverVersion: 113.0.5672.63 (0e1a4471d5ae..., userDataDir: C:\Users\HP\AppData\Local\T...}, goog:chromeOptions: {debuggerAddress: localhost:56761}, javascriptEnabled: true, networkConnectionEnabled: false, pageLoadStrategy: normal, platform: WINDOWS, platformName: WINDOWS, proxy: Proxy(), setWindowRect: true, strictFileInteractability: false, timeouts: {implicit: 0, pageLoad: 300000, script: 30000}, unhandledPromptBehavior: dismiss and notify, webauthn:extension:credBlob: true, webauthn:extension:largeBlob: true, webauthn:extension:minPinLength: true, webauthn:extension:prf: true, webauthn:virtualAuthenticators: true}
Session ID: 6604cdba9ac58a76b1897c993176c7d4
	at org.openqa.selenium.remote.http.W3CHttpResponseCodec.createException(W3CHttpResponseCodec.java:187)
	at org.openqa.selenium.remote.http.W3CHttpResponseCodec.decode(W3CHttpResponseCodec.java:122)
	at org.openqa.selenium.remote.http.W3CHttpResponseCodec.decode(W3CHttpResponseCodec.java:49)
	at org.openqa.selenium.remote.HttpCommandExecutor.execute(HttpCommandExecutor.java:158)
	at org.openqa.selenium.remote.service.DriverCommandExecutor.execute(DriverCommandExecutor.java:83)
	at org.openqa.selenium.remote.RemoteWebDriver.execute(RemoteWebDriver.java:552)
	at org.openqa.selenium.remote.RemoteWebElement.execute(RemoteWebElement.java:285)
	at org.openqa.selenium.remote.RemoteWebElement.click(RemoteWebElement.java:84)
	at org.openqa.selenium.support.pagefactory.internal.LocatingElementHandler.invoke(LocatingElementHandler.java:51)
	at jdk.proxy2/jdk.proxy2.$Proxy17.click(Unknown Source)
	at utilsBestBuy.UtilsBB.clickOn(UtilsBB.java:101)
	at pagesBestBuy.ProductPageBB.addLogitechMouse(ProductPageBB.java:50)
	at testCaseBestBuy.TC_09_CheckOutPageFilling.tc_09_CheckOutPageFilling(TC_09_CheckOutPageFilling.java:31)
	at java.base/java.util.ArrayList.forEach(ArrayList.java:1511)
... Removed 36 stack frames</pre></div><a href='#' onClick='toggleBox("stack-trace81355344", this, "Click to show all stack frames", "Click to hide stack frames")'>Click to show all stack frames</a>
<div class='stack-trace' id='stack-trace81355344'><pre>org.openqa.selenium.ElementClickInterceptedException: element click intercepted: Element &lt;button class=&quot;c-button c-button-primary c-button-sm c-button-block c-button-icon c-button-icon-leading add-to-cart-button&quot; type=&quot;button&quot; data-sku-id=&quot;6360418&quot; data-button-state=&quot;ADD_TO_CART&quot; style=&quot;padding:0 8px&quot;&gt;...&lt;/button&gt; is not clickable at point (1380, 721). Other element would receive the click: &lt;div id=&quot;survey_window&quot; class=&quot;modal fade modal-open in&quot; role=&quot;dialog&quot; style=&quot;margin-top: 243px; display: block;&quot;&gt;...&lt;/div&gt;
  (Session info: chrome=113.0.5672.127)
Build info: version: &apos;3.141.59&apos;, revision: &apos;e82be7d358&apos;, time: &apos;2018-11-14T08:17:03&apos;
System info: host: &apos;DESKTOP-N995C3G&apos;, ip: &apos;192.168.29.6&apos;, os.name: &apos;Windows 11&apos;, os.arch: &apos;amd64&apos;, os.version: &apos;10.0&apos;, java.version: &apos;17.0.5&apos;
Driver info: org.openqa.selenium.chrome.ChromeDriver
Capabilities {acceptInsecureCerts: false, browserName: chrome, browserVersion: 113.0.5672.127, chrome: {chromedriverVersion: 113.0.5672.63 (0e1a4471d5ae..., userDataDir: C:\Users\HP\AppData\Local\T...}, goog:chromeOptions: {debuggerAddress: localhost:56761}, javascriptEnabled: true, networkConnectionEnabled: false, pageLoadStrategy: normal, platform: WINDOWS, platformName: WINDOWS, proxy: Proxy(), setWindowRect: true, strictFileInteractability: false, timeouts: {implicit: 0, pageLoad: 300000, script: 30000}, unhandledPromptBehavior: dismiss and notify, webauthn:extension:credBlob: true, webauthn:extension:largeBlob: true, webauthn:extension:minPinLength: true, webauthn:extension:prf: true, webauthn:virtualAuthenticators: true}
Session ID: 6604cdba9ac58a76b1897c993176c7d4
	at java.base/jdk.internal.reflect.NativeConstructorAccessorImpl.newInstance0(Native Method)
	at java.base/jdk.internal.reflect.NativeConstructorAccessorImpl.newInstance(NativeConstructorAccessorImpl.java:77)
	at java.base/jdk.internal.reflect.DelegatingConstructorAccessorImpl.newInstance(DelegatingConstructorAccessorImpl.java:45)
	at java.base/java.lang.reflect.Constructor.newInstanceWithCaller(Constructor.java:499)
	at java.base/java.lang.reflect.Constructor.newInstance(Constructor.java:480)
	at org.openqa.selenium.remote.http.W3CHttpResponseCodec.createException(W3CHttpResponseCodec.java:187)
	at org.openqa.selenium.remote.http.W3CHttpResponseCodec.decode(W3CHttpResponseCodec.java:122)
	at org.openqa.selenium.remote.http.W3CHttpResponseCodec.decode(W3CHttpResponseCodec.java:49)
	at org.openqa.selenium.remote.HttpCommandExecutor.execute(HttpCommandExecutor.java:158)
	at org.openqa.selenium.remote.service.DriverCommandExecutor.execute(DriverCommandExecutor.java:83)
	at org.openqa.selenium.remote.RemoteWebDriver.execute(RemoteWebDriver.java:552)
	at org.openqa.selenium.remote.RemoteWebElement.execute(RemoteWebElement.java:285)
	at org.openqa.selenium.remote.RemoteWebElement.click(RemoteWebElement.java:84)
	at java.base/jdk.internal.reflect.NativeMethodAccessorImpl.invoke0(Native Method)
	at java.base/jdk.internal.reflect.NativeMethodAccessorImpl.invoke(NativeMethodAccessorImpl.java:77)
	at java.base/jdk.internal.reflect.DelegatingMethodAccessorImpl.invoke(DelegatingMethodAccessorImpl.java:43)
	at java.base/java.lang.reflect.Method.invoke(Method.java:568)
	at org.openqa.selenium.support.pagefactory.internal.LocatingElementHandler.invoke(LocatingElementHandler.java:51)
	at jdk.proxy2/jdk.proxy2.$Proxy17.click(Unknown Source)
	at utilsBestBuy.UtilsBB.clickOn(UtilsBB.java:101)
	at pagesBestBuy.ProductPageBB.addLogitechMouse(ProductPageBB.java:50)
	at testCaseBestBuy.TC_09_CheckOutPageFilling.tc_09_CheckOutPageFilling(TC_09_CheckOutPageFilling.java:31)
	at java.base/jdk.internal.reflect.NativeMethodAccessorImpl.invoke0(Native Method)
	at java.base/jdk.internal.reflect.NativeMethodAccessorImpl.invoke(NativeMethodAccessorImpl.java:77)
	at java.base/jdk.internal.reflect.DelegatingMethodAccessorImpl.invoke(DelegatingMethodAccessorImpl.java:43)
	at java.base/java.lang.reflect.Method.invoke(Method.java:568)
	at org.testng.internal.MethodInvocationHelper.invokeMethod(MethodInvocationHelper.java:133)
	at org.testng.internal.TestInvoker.invokeMethod(TestInvoker.java:598)
	at org.testng.internal.TestInvoker.invokeTestMethod(TestInvoker.java:173)
	at org.testng.internal.MethodRunner.runInSequence(MethodRunner.java:46)
	at org.testng.internal.TestInvoker$MethodInvocationAgent.invoke(TestInvoker.java:824)
	at org.testng.internal.TestInvoker.invokeTestMethods(TestInvoker.java:146)
	at org.testng.internal.TestMethodWorker.invokeTestMethods(TestMethodWorker.java:146)
	at org.testng.internal.TestMethodWorker.run(TestMethodWorker.java:128)
	at java.base/java.util.ArrayList.forEach(ArrayList.java:1511)
	at org.testng.TestRunner.privateRun(TestRunner.java:794)
	at org.testng.TestRunner.run(TestRunner.java:596)
	at org.testng.SuiteRunner.runTest(SuiteRunner.java:377)
	at org.testng.SuiteRunner.runSequentially(SuiteRunner.java:371)
	at org.testng.SuiteRunner.privateRun(SuiteRunner.java:332)
	at org.testng.SuiteRunner.run(SuiteRunner.java:276)
	at org.testng.SuiteRunnerWorker.runSuite(SuiteRunnerWorker.java:53)
	at org.testng.SuiteRunnerWorker.run(SuiteRunnerWorker.java:96)
	at org.testng.TestNG.runSuitesSequentially(TestNG.java:1212)
	at org.testng.TestNG.runSuitesLocally(TestNG.java:1134)
	at org.testng.TestNG.runSuites(TestNG.java:1063)
	at org.testng.TestNG.run(TestNG.java:1031)
	at org.testng.remote.AbstractRemoteTestNG.run(AbstractRemoteTestNG.java:115)
	at org.testng.remote.RemoteTestNG.initAndRun(RemoteTestNG.java:251)
	at org.testng.remote.RemoteTestNG.main(RemoteTestNG.java:77)
</pre></div></td>
<td>62</td>
<td>testCaseBestBuy.TC_09_CheckOutPageFilling@6404f418</td></tr>
<tr>
<td title='testCaseBestBuy.TC_03_SignInFunctionality.tc_03_SignInFunctionality()'><b>tc_03_SignInFunctionality</b><br>Test class: testCaseBestBuy.TC_03_SignInFunctionality<br>Parameters: vino184@gmail.com, testing, //strong//div, We didn't find an account with that email address. Would you like to create an account?</td>
<td><div><pre>org.openqa.selenium.ElementClickInterceptedException: element click intercepted: Element &lt;span class=&quot;v-p-right-xxs line-clamp&quot;&gt;...&lt;/span&gt; is not clickable at point (1100, 254). Other element would receive the click: &lt;div id=&quot;survey_window&quot; class=&quot;modal fade modal-open in&quot; role=&quot;dialog&quot; style=&quot;margin-top: 243px; display: block;&quot;&gt;...&lt;/div&gt;
  (Session info: chrome=113.0.5672.127)
Build info: version: &apos;3.141.59&apos;, revision: &apos;e82be7d358&apos;, time: &apos;2018-11-14T08:17:03&apos;
System info: host: &apos;DESKTOP-N995C3G&apos;, ip: &apos;192.168.29.6&apos;, os.name: &apos;Windows 11&apos;, os.arch: &apos;amd64&apos;, os.version: &apos;10.0&apos;, java.version: &apos;17.0.5&apos;
Driver info: org.openqa.selenium.chrome.ChromeDriver
Capabilities {acceptInsecureCerts: false, browserName: chrome, browserVersion: 113.0.5672.127, chrome: {chromedriverVersion: 113.0.5672.63 (0e1a4471d5ae..., userDataDir: C:\Users\HP\AppData\Local\T...}, goog:chromeOptions: {debuggerAddress: localhost:49378}, javascriptEnabled: true, networkConnectionEnabled: false, pageLoadStrategy: normal, platform: WINDOWS, platformName: WINDOWS, proxy: Proxy(), setWindowRect: true, strictFileInteractability: false, timeouts: {implicit: 0, pageLoad: 300000, script: 30000}, unhandledPromptBehavior: dismiss and notify, webauthn:extension:credBlob: true, webauthn:extension:largeBlob: true, webauthn:extension:minPinLength: true, webauthn:extension:prf: true, webauthn:virtualAuthenticators: true}
Session ID: a1eb6b2b62d6d144be222ab73c1d26b9
	at org.openqa.selenium.remote.http.W3CHttpResponseCodec.createException(W3CHttpResponseCodec.java:187)
	at org.openqa.selenium.remote.http.W3CHttpResponseCodec.decode(W3CHttpResponseCodec.java:122)
	at org.openqa.selenium.remote.http.W3CHttpResponseCodec.decode(W3CHttpResponseCodec.java:49)
	at org.openqa.selenium.remote.HttpCommandExecutor.execute(HttpCommandExecutor.java:158)
	at org.openqa.selenium.remote.service.DriverCommandExecutor.execute(DriverCommandExecutor.java:83)
	at org.openqa.selenium.remote.RemoteWebDriver.execute(RemoteWebDriver.java:552)
	at org.openqa.selenium.remote.RemoteWebElement.execute(RemoteWebElement.java:285)
	at org.openqa.selenium.remote.RemoteWebElement.click(RemoteWebElement.java:84)
	at org.openqa.selenium.support.pagefactory.internal.LocatingElementHandler.invoke(LocatingElementHandler.java:51)
	at jdk.proxy2/jdk.proxy2.$Proxy17.click(Unknown Source)
	at utilsBestBuy.UtilsBB.clickOn(UtilsBB.java:101)
	at pagesBestBuy.HomePageBB.goToSignIn(HomePageBB.java:94)
	at testCaseBestBuy.TC_03_SignInFunctionality.tc_03_SignInFunctionality(TC_03_SignInFunctionality.java:27)
	at java.base/java.util.ArrayList.forEach(ArrayList.java:1511)
... Removed 35 stack frames</pre></div><a href='#' onClick='toggleBox("stack-trace90777699", this, "Click to show all stack frames", "Click to hide stack frames")'>Click to show all stack frames</a>
<div class='stack-trace' id='stack-trace90777699'><pre>org.openqa.selenium.ElementClickInterceptedException: element click intercepted: Element &lt;span class=&quot;v-p-right-xxs line-clamp&quot;&gt;...&lt;/span&gt; is not clickable at point (1100, 254). Other element would receive the click: &lt;div id=&quot;survey_window&quot; class=&quot;modal fade modal-open in&quot; role=&quot;dialog&quot; style=&quot;margin-top: 243px; display: block;&quot;&gt;...&lt;/div&gt;
  (Session info: chrome=113.0.5672.127)
Build info: version: &apos;3.141.59&apos;, revision: &apos;e82be7d358&apos;, time: &apos;2018-11-14T08:17:03&apos;
System info: host: &apos;DESKTOP-N995C3G&apos;, ip: &apos;192.168.29.6&apos;, os.name: &apos;Windows 11&apos;, os.arch: &apos;amd64&apos;, os.version: &apos;10.0&apos;, java.version: &apos;17.0.5&apos;
Driver info: org.openqa.selenium.chrome.ChromeDriver
Capabilities {acceptInsecureCerts: false, browserName: chrome, browserVersion: 113.0.5672.127, chrome: {chromedriverVersion: 113.0.5672.63 (0e1a4471d5ae..., userDataDir: C:\Users\HP\AppData\Local\T...}, goog:chromeOptions: {debuggerAddress: localhost:49378}, javascriptEnabled: true, networkConnectionEnabled: false, pageLoadStrategy: normal, platform: WINDOWS, platformName: WINDOWS, proxy: Proxy(), setWindowRect: true, strictFileInteractability: false, timeouts: {implicit: 0, pageLoad: 300000, script: 30000}, unhandledPromptBehavior: dismiss and notify, webauthn:extension:credBlob: true, webauthn:extension:largeBlob: true, webauthn:extension:minPinLength: true, webauthn:extension:prf: true, webauthn:virtualAuthenticators: true}
Session ID: a1eb6b2b62d6d144be222ab73c1d26b9
	at java.base/jdk.internal.reflect.NativeConstructorAccessorImpl.newInstance0(Native Method)
	at java.base/jdk.internal.reflect.NativeConstructorAccessorImpl.newInstance(NativeConstructorAccessorImpl.java:77)
	at java.base/jdk.internal.reflect.DelegatingConstructorAccessorImpl.newInstance(DelegatingConstructorAccessorImpl.java:45)
	at java.base/java.lang.reflect.Constructor.newInstanceWithCaller(Constructor.java:499)
	at java.base/java.lang.reflect.Constructor.newInstance(Constructor.java:480)
	at org.openqa.selenium.remote.http.W3CHttpResponseCodec.createException(W3CHttpResponseCodec.java:187)
	at org.openqa.selenium.remote.http.W3CHttpResponseCodec.decode(W3CHttpResponseCodec.java:122)
	at org.openqa.selenium.remote.http.W3CHttpResponseCodec.decode(W3CHttpResponseCodec.java:49)
	at org.openqa.selenium.remote.HttpCommandExecutor.execute(HttpCommandExecutor.java:158)
	at org.openqa.selenium.remote.service.DriverCommandExecutor.execute(DriverCommandExecutor.java:83)
	at org.openqa.selenium.remote.RemoteWebDriver.execute(RemoteWebDriver.java:552)
	at org.openqa.selenium.remote.RemoteWebElement.execute(RemoteWebElement.java:285)
	at org.openqa.selenium.remote.RemoteWebElement.click(RemoteWebElement.java:84)
	at jdk.internal.reflect.GeneratedMethodAccessor2.invoke(Unknown Source)
	at java.base/jdk.internal.reflect.DelegatingMethodAccessorImpl.invoke(DelegatingMethodAccessorImpl.java:43)
	at java.base/java.lang.reflect.Method.invoke(Method.java:568)
	at org.openqa.selenium.support.pagefactory.internal.LocatingElementHandler.invoke(LocatingElementHandler.java:51)
	at jdk.proxy2/jdk.proxy2.$Proxy17.click(Unknown Source)
	at utilsBestBuy.UtilsBB.clickOn(UtilsBB.java:101)
	at pagesBestBuy.HomePageBB.goToSignIn(HomePageBB.java:94)
	at testCaseBestBuy.TC_03_SignInFunctionality.tc_03_SignInFunctionality(TC_03_SignInFunctionality.java:27)
	at java.base/jdk.internal.reflect.NativeMethodAccessorImpl.invoke0(Native Method)
	at java.base/jdk.internal.reflect.NativeMethodAccessorImpl.invoke(NativeMethodAccessorImpl.java:77)
	at java.base/jdk.internal.reflect.DelegatingMethodAccessorImpl.invoke(DelegatingMethodAccessorImpl.java:43)
	at java.base/java.lang.reflect.Method.invoke(Method.java:568)
	at org.testng.internal.MethodInvocationHelper.invokeMethod(MethodInvocationHelper.java:133)
	at org.testng.internal.TestInvoker.invokeMethod(TestInvoker.java:598)
	at org.testng.internal.TestInvoker.invokeTestMethod(TestInvoker.java:173)
	at org.testng.internal.MethodRunner.runInSequence(MethodRunner.java:46)
	at org.testng.internal.TestInvoker$MethodInvocationAgent.invoke(TestInvoker.java:824)
	at org.testng.internal.TestInvoker.invokeTestMethods(TestInvoker.java:146)
	at org.testng.internal.TestMethodWorker.invokeTestMethods(TestMethodWorker.java:146)
	at org.testng.internal.TestMethodWorker.run(TestMethodWorker.java:128)
	at java.base/java.util.ArrayList.forEach(ArrayList.java:1511)
	at org.testng.TestRunner.privateRun(TestRunner.java:794)
	at org.testng.TestRunner.run(TestRunner.java:596)
	at org.testng.SuiteRunner.runTest(SuiteRunner.java:377)
	at org.testng.SuiteRunner.runSequentially(SuiteRunner.java:371)
	at org.testng.SuiteRunner.privateRun(SuiteRunner.java:332)
	at org.testng.SuiteRunner.run(SuiteRunner.java:276)
	at org.testng.SuiteRunnerWorker.runSuite(SuiteRunnerWorker.java:53)
	at org.testng.SuiteRunnerWorker.run(SuiteRunnerWorker.java:96)
	at org.testng.TestNG.runSuitesSequentially(TestNG.java:1212)
	at org.testng.TestNG.runSuitesLocally(TestNG.java:1134)
	at org.testng.TestNG.runSuites(TestNG.java:1063)
	at org.testng.TestNG.run(TestNG.java:1031)
	at org.testng.remote.AbstractRemoteTestNG.run(AbstractRemoteTestNG.java:115)
	at org.testng.remote.RemoteTestNG.initAndRun(RemoteTestNG.java:251)
	at org.testng.remote.RemoteTestNG.main(RemoteTestNG.java:77)
</pre></div></td>
<td>11</td>
<td>testCaseBestBuy.TC_03_SignInFunctionality@3cebbb30</td></tr>
</table><p>
<table width='100%' border='1' class='invocation-passed'>
<tr><td colspan='4' align='center'><b>PASSED TESTS</b></td></tr>
<tr><td><b>Test method</b></td>
<td width="30%"><b>Exception</b></td>
<td width="10%"><b>Time (seconds)</b></td>
<td><b>Instance</b></td>
</tr>
<tr>
<td title='testCaseBestBuy.TC_03_CreatAccountFunctionality.tc_03_validateCreatAccountFunctionality()'><b>tc_03_validateCreatAccountFunctionality</b><br>Test class: testCaseBestBuy.TC_03_CreatAccountFunctionality<br>Parameters: test, t, vino18493@gmail.com, test, test, 9.87654321E9, //p[text()='Please enter a strong password.'], Please enter a strong password.</td>
<td></td>
<td>31</td>
<td>testCaseBestBuy.TC_03_CreatAccountFunctionality@437da279</td></tr>
<tr>
<td title='testCaseBestBuy.TC_03_CreatAccountFunctionality.tc_03_validateCreatAccountFunctionality()'><b>tc_03_validateCreatAccountFunctionality</b><br>Test class: testCaseBestBuy.TC_03_CreatAccountFunctionality<br>Parameters: test, t, vino18493@gmail.com, , , 9.87654321E9, //p[text()='Please enter a strong password.'], Please enter a strong password.</td>
<td></td>
<td>27</td>
<td>testCaseBestBuy.TC_03_CreatAccountFunctionality@437da279</td></tr>
<tr>
<td title='testCaseBestBuy.TC_04_CheckTitleOfAllMenu.tc_04_CheckTitleOfAllMenu()'><b>tc_04_CheckTitleOfAllMenu</b><br>Test class: testCaseBestBuy.TC_04_CheckTitleOfAllMenu<br>Parameters: Deal of the Day, Deal of the Day: Electronics Deals - Best Buy</td>
<td></td>
<td>26</td>
<td>testCaseBestBuy.TC_04_CheckTitleOfAllMenu@290222c1</td></tr>
<tr>
<td title='testCaseBestBuy.TC_04_CheckTitleOfAllMenu.tc_04_CheckTitleOfAllMenu()'><b>tc_04_CheckTitleOfAllMenu</b><br>Test class: testCaseBestBuy.TC_04_CheckTitleOfAllMenu<br>Parameters: Best Buy Outlet, Best Buy Outlet: Clearance Electronics Outlet Store – Best Buy</td>
<td></td>
<td>22</td>
<td>testCaseBestBuy.TC_04_CheckTitleOfAllMenu@290222c1</td></tr>
<tr>
<td title='testCaseBestBuy.TC_02_ValidateUrlIsNotBroken.tc_02_validateUrlIsNotBroken()'><b>tc_02_validateUrlIsNotBroken</b><br>Test class: testCaseBestBuy.TC_02_ValidateUrlIsNotBroken</td>
<td></td>
<td>22</td>
<td>testCaseBestBuy.TC_02_ValidateUrlIsNotBroken@66f57048</td></tr>
<tr>
<td title='testCaseBestBuy.TC_03_CreatAccountFunctionality.tc_03_validateCreatAccountFunctionality()'><b>tc_03_validateCreatAccountFunctionality</b><br>Test class: testCaseBestBuy.TC_03_CreatAccountFunctionality<br>Parameters: test, t, vino18493@gmail.com, testingtesting, testingtesting, 9876543210, //strong[text()='Sorry, there was a problem creating your account.'], Sorry, there was a problem creating your account.</td>
<td></td>
<td>34</td>
<td>testCaseBestBuy.TC_03_CreatAccountFunctionality@437da279</td></tr>
<tr>
<td title='testCaseBestBuy.TC_03_CreatAccountFunctionality.tc_03_validateCreatAccountFunctionality()'><b>tc_03_validateCreatAccountFunctionality</b><br>Test class: testCaseBestBuy.TC_03_CreatAccountFunctionality<br>Parameters: test, t, vino18493@gmail.com, , testingtesting, 9.87654321E9, //p[text()='Passwords do not match.'], Passwords do not match.</td>
<td></td>
<td>28</td>
<td>testCaseBestBuy.TC_03_CreatAccountFunctionality@437da279</td></tr>
<tr>
<td title='testCaseBestBuy.TC_03_SignInFunctionality.tc_03_SignInFunctionality()'><b>tc_03_SignInFunctionality</b><br>Test class: testCaseBestBuy.TC_03_SignInFunctionality<br>Parameters: vino184@gmail.com, testingtesting, //div[text()='Sorry, something went wrong. Please try again.'], Sorry, something went wrong. Please try again.</td>
<td></td>
<td>33</td>
<td>testCaseBestBuy.TC_03_SignInFunctionality@3cebbb30</td></tr>
<tr>
<td title='testCaseBestBuy.TC_04_CheckTitleOfAllMenu.tc_04_CheckTitleOfAllMenu()'><b>tc_04_CheckTitleOfAllMenu</b><br>Test class: testCaseBestBuy.TC_04_CheckTitleOfAllMenu<br>Parameters: Gift Ideas, Gift Ideas 2023: Best Gifts to Give This Year - Best Buy</td>
<td></td>
<td>24</td>
<td>testCaseBestBuy.TC_04_CheckTitleOfAllMenu@290222c1</td></tr>
<tr>
<td title='testCaseBestBuy.TC_03_CreatAccountFunctionality.tc_03_validateCreatAccountFunctionality()'><b>tc_03_validateCreatAccountFunctionality</b><br>Test class: testCaseBestBuy.TC_03_CreatAccountFunctionality<br>Parameters: test, t, vino18493@gmail.com, testingtesting, testingtesting, 987654321, //p[text()='Please enter a valid mobile phone number.'], Please enter a valid mobile phone number.</td>
<td></td>
<td>35</td>
<td>testCaseBestBuy.TC_03_CreatAccountFunctionality@437da279</td></tr>
<tr>
<td title='testCaseBestBuy.TC_03_CreatAccountFunctionality.tc_03_validateCreatAccountFunctionality()'><b>tc_03_validateCreatAccountFunctionality</b><br>Test class: testCaseBestBuy.TC_03_CreatAccountFunctionality<br>Parameters: , t, vino18493@gmail.com, testingtesting, testingtesting, 9.87654321E9, //p[text()='Please enter your first name.'], Please enter your first name.</td>
<td></td>
<td>40</td>
<td>testCaseBestBuy.TC_03_CreatAccountFunctionality@437da279</td></tr>
<tr>
<td title='testCaseBestBuy.TC_04_CheckTitleOfAllMenu.tc_04_CheckTitleOfAllMenu()'><b>tc_04_CheckTitleOfAllMenu</b><br>Test class: testCaseBestBuy.TC_04_CheckTitleOfAllMenu<br>Parameters: Totaltech Membership, Best Buy Totaltech™ – Best Buy</td>
<td></td>
<td>23</td>
<td>testCaseBestBuy.TC_04_CheckTitleOfAllMenu@290222c1</td></tr>
<tr>
<td title='testCaseBestBuy.TC_04_CheckTitleOfAllMenu.tc_04_CheckTitleOfAllMenu()'><b>tc_04_CheckTitleOfAllMenu</b><br>Test class: testCaseBestBuy.TC_04_CheckTitleOfAllMenu<br>Parameters: Health & Wellness, Health & Wellness Solutions & Technology - Best Buy</td>
<td></td>
<td>38</td>
<td>testCaseBestBuy.TC_04_CheckTitleOfAllMenu@290222c1</td></tr>
<tr>
<td title='testCaseBestBuy.TC_08_SelAddItemShopByBrandMenu.tc_08_selAddItemShopByBrandMenu()'><b>tc_08_selAddItemShopByBrandMenu</b><br>Test class: testCaseBestBuy.TC_08_SelAddItemShopByBrandMenu</td>
<td></td>
<td>71</td>
<td>testCaseBestBuy.TC_08_SelAddItemShopByBrandMenu@7bab3f1a</td></tr>
<tr>
<td title='testCaseBestBuy.TC_04_CheckTitleOfAllMenu.tc_04_CheckTitleOfAllMenu()'><b>tc_04_CheckTitleOfAllMenu</b><br>Test class: testCaseBestBuy.TC_04_CheckTitleOfAllMenu<br>Parameters: Top Deals, Top Deals and Featured Offers on Electronics - Best Buy</td>
<td></td>
<td>24</td>
<td>testCaseBestBuy.TC_04_CheckTitleOfAllMenu@290222c1</td></tr>
<tr>
<td title='testCaseBestBuy.TC_03_CreatAccountFunctionality.tc_03_validateCreatAccountFunctionality()'><b>tc_03_validateCreatAccountFunctionality</b><br>Test class: testCaseBestBuy.TC_03_CreatAccountFunctionality<br>Parameters: test, t, vino18493.com, testingtesting, testingtesting, 9.87654321E9, //p[text()='Please enter a valid email address.'], Please enter a valid email address.</td>
<td></td>
<td>27</td>
<td>testCaseBestBuy.TC_03_CreatAccountFunctionality@437da279</td></tr>
<tr>
<td title='testCaseBestBuy.TC_03_CreatAccountFunctionality.tc_03_validateCreatAccountFunctionality()'><b>tc_03_validateCreatAccountFunctionality</b><br>Test class: testCaseBestBuy.TC_03_CreatAccountFunctionality<br>Parameters: test, , vino18493@gmail.com, testingtesting, testingtesting, 9.87654321E9, //p[text()='Please enter your last name.'], Please enter your last name.</td>
<td></td>
<td>37</td>
<td>testCaseBestBuy.TC_03_CreatAccountFunctionality@437da279</td></tr>
<tr>
<td title='testCaseBestBuy.TC_03_CreatAccountFunctionality.tc_03_validateCreatAccountFunctionality()'><b>tc_03_validateCreatAccountFunctionality</b><br>Test class: testCaseBestBuy.TC_03_CreatAccountFunctionality<br>Parameters: test, t, vino18493@gmail.com, testingtesting, testingtesting, qwertyuiop, //p[text()='Please enter a valid mobile phone number.'], Please enter a valid mobile phone number.</td>
<td></td>
<td>36</td>
<td>testCaseBestBuy.TC_03_CreatAccountFunctionality@437da279</td></tr>
<tr>
<td title='testCaseBestBuy.TC_03_CreatAccountFunctionality.tc_03_validateCreatAccountFunctionality()'><b>tc_03_validateCreatAccountFunctionality</b><br>Test class: testCaseBestBuy.TC_03_CreatAccountFunctionality<br>Parameters: test, t, vino18493@gmail.com, testingtesting, , 9.87654321E9, //p[text()='Passwords do not match.'], Passwords do not match.</td>
<td></td>
<td>58</td>
<td>testCaseBestBuy.TC_03_CreatAccountFunctionality@437da279</td></tr>
<tr>
<td title='testCaseBestBuy.TC_05_ValidateLinkInBottomOfHomePage.tc_05_validateLinkInBottomOfHomePage()'><b>tc_05_validateLinkInBottomOfHomePage</b><br>Test class: testCaseBestBuy.TC_05_ValidateLinkInBottomOfHomePage</td>
<td></td>
<td>30</td>
<td>testCaseBestBuy.TC_05_ValidateLinkInBottomOfHomePage@550dbc7a</td></tr>
<tr>
<td title='testCaseBestBuy.TC_06_SearchAddItemInCart.tc_06_SearchAddItemInCart()'><b>tc_06_SearchAddItemInCart</b><br>Test class: testCaseBestBuy.TC_06_SearchAddItemInCart</td>
<td></td>
<td>59</td>
<td>testCaseBestBuy.TC_06_SearchAddItemInCart@21282ed8</td></tr>
<tr>
<td title='testCaseBestBuy.TC_03_CreatAccountFunctionality.tc_03_validateCreatAccountFunctionality()'><b>tc_03_validateCreatAccountFunctionality</b><br>Test class: testCaseBestBuy.TC_03_CreatAccountFunctionality<br>Parameters: test, t, vino18493@gmail.com, testingtesting, testingtesting, 98765qwert, //p[text()='Please enter a valid mobile phone number.'], Please enter a valid mobile phone number.</td>
<td></td>
<td>28</td>
<td>testCaseBestBuy.TC_03_CreatAccountFunctionality@437da279</td></tr>
<tr>
<td title='testCaseBestBuy.TC_04_CheckTitleOfAllMenu.tc_04_CheckTitleOfAllMenu()'><b>tc_04_CheckTitleOfAllMenu</b><br>Test class: testCaseBestBuy.TC_04_CheckTitleOfAllMenu<br>Parameters: Credit Cards, Best Buy Credit Card: Rewards & Financing</td>
<td></td>
<td>28</td>
<td>testCaseBestBuy.TC_04_CheckTitleOfAllMenu@290222c1</td></tr>
<tr>
<td title='testCaseBestBuy.TC_04_CheckTitleOfAllMenu.tc_04_CheckTitleOfAllMenu()'><b>tc_04_CheckTitleOfAllMenu</b><br>Test class: testCaseBestBuy.TC_04_CheckTitleOfAllMenu<br>Parameters: Best Buy Business, Best Buy for Business - Best Buy</td>
<td></td>
<td>32</td>
<td>testCaseBestBuy.TC_04_CheckTitleOfAllMenu@290222c1</td></tr>
<tr>
<td title='testCaseBestBuy.TC_07_SelAddItemShopByDeptMenu.tc_07_selAddItemShopByDeptMenu()'><b>tc_07_selAddItemShopByDeptMenu</b><br>Test class: testCaseBestBuy.TC_07_SelAddItemShopByDeptMenu</td>
<td></td>
<td>82</td>
<td>testCaseBestBuy.TC_07_SelAddItemShopByDeptMenu@36916eb0</td></tr>
<tr>
<td title='testCaseBestBuy.TC_01_navgatingToBestBestApp.tc_01_navgatingToBestBestApp()'><b>tc_01_navgatingToBestBestApp</b><br>Test class: testCaseBestBuy.TC_01_navgatingToBestBestApp</td>
<td></td>
<td>4</td>
<td>testCaseBestBuy.TC_01_navgatingToBestBestApp@12aba8be</td></tr>
<tr>
<td title='testCaseBestBuy.TC_04_CheckTitleOfAllMenu.tc_04_CheckTitleOfAllMenu()'><b>tc_04_CheckTitleOfAllMenu</b><br>Test class: testCaseBestBuy.TC_04_CheckTitleOfAllMenu<br>Parameters: Gift Cards, Gifts Cards and E-Gift Cards - Best Buy</td>
<td></td>
<td>21</td>
<td>testCaseBestBuy.TC_04_CheckTitleOfAllMenu@290222c1</td></tr>
</table><p>
<table width='100%' border='1' class='invocation-skipped'>
<tr><td colspan='4' align='center'><b>SKIPPED TESTS</b></td></tr>
<tr><td><b>Test method</b></td>
<td width="30%"><b>Exception</b></td>
<td width="10%"><b>Time (seconds)</b></td>
<td><b>Instance</b></td>
</tr>
<tr>
<td title='testCaseBestBuy.TC_03_SignInFunctionality.tc_03_SignInFunctionality()'><b>tc_03_SignInFunctionality</b><br>Test class: testCaseBestBuy.TC_03_SignInFunctionality<br>Parameters: vino18493@gmail.com, testingtesting, //span[text()='Hi, Test'], Hi, Test</td>
<td><div><pre>org.openqa.selenium.SessionNotCreatedException: session not created
from no such execution context: uniqueContextId not found
  (Session info: chrome=113.0.5672.127)
Build info: version: &apos;3.141.59&apos;, revision: &apos;e82be7d358&apos;, time: &apos;2018-11-14T08:17:03&apos;
System info: host: &apos;DESKTOP-N995C3G&apos;, ip: &apos;192.168.29.6&apos;, os.name: &apos;Windows 11&apos;, os.arch: &apos;amd64&apos;, os.version: &apos;10.0&apos;, java.version: &apos;17.0.5&apos;
Driver info: driver.version: ChromeDriver
remote stacktrace: Backtrace:
	GetHandleVerifier [0x006D8893+48451]
	(No symbol) [0x0066B8A1]
	(No symbol) [0x00575058]
	(No symbol) [0x005687D0]
	(No symbol) [0x00566F58]
	(No symbol) [0x005675CA]
	(No symbol) [0x00578067]
	(No symbol) [0x00579631]
	(No symbol) [0x005796D0]
	(No symbol) [0x005C1A58]
	(No symbol) [0x005C047C]
	(No symbol) [0x005BA0B6]
	(No symbol) [0x00597E08]
	(No symbol) [0x00598F2D]
	GetHandleVerifier [0x00938E3A+2540266]
	GetHandleVerifier [0x00978959+2801161]
	GetHandleVerifier [0x0097295C+2776588]
	GetHandleVerifier [0x00762280+612144]
	(No symbol) [0x00674F6C]
	(No symbol) [0x006711D8]
	(No symbol) [0x006712BB]
	(No symbol) [0x00664857]
	BaseThreadInitThunk [0x75E87D59+25]
	RtlInitializeExceptionChain [0x77CBB74B+107]
	RtlClearBits [0x77CBB6CF+191]

	at org.openqa.selenium.remote.W3CHandshakeResponse.lambda$errorHandler$0(W3CHandshakeResponse.java:62)
	at org.openqa.selenium.remote.HandshakeResponse.lambda$getResponseFunction$0(HandshakeResponse.java:30)
	at org.openqa.selenium.remote.ProtocolHandshake.lambda$createSession$0(ProtocolHandshake.java:126)
	at java.base/java.util.stream.ReferencePipeline$3$1.accept(ReferencePipeline.java:197)
	at java.base/java.util.Spliterators$ArraySpliterator.tryAdvance(Spliterators.java:1002)
	at java.base/java.util.stream.ReferencePipeline.forEachWithCancel(ReferencePipeline.java:129)
	at java.base/java.util.stream.AbstractPipeline.copyIntoWithCancel(AbstractPipeline.java:527)
	at java.base/java.util.stream.AbstractPipeline.copyInto(AbstractPipeline.java:513)
	at java.base/java.util.stream.AbstractPipeline.wrapAndCopyInto(AbstractPipeline.java:499)
	at java.base/java.util.stream.FindOps$FindOp.evaluateSequential(FindOps.java:150)
	at java.base/java.util.stream.AbstractPipeline.evaluate(AbstractPipeline.java:234)
	at java.base/java.util.stream.ReferencePipeline.findFirst(ReferencePipeline.java:647)
	at org.openqa.selenium.remote.ProtocolHandshake.createSession(ProtocolHandshake.java:128)
	at org.openqa.selenium.remote.ProtocolHandshake.createSession(ProtocolHandshake.java:74)
	at org.openqa.selenium.remote.HttpCommandExecutor.execute(HttpCommandExecutor.java:136)
	at org.openqa.selenium.remote.service.DriverCommandExecutor.execute(DriverCommandExecutor.java:83)
	at org.openqa.selenium.remote.RemoteWebDriver.execute(RemoteWebDriver.java:552)
	at org.openqa.selenium.remote.RemoteWebDriver.startSession(RemoteWebDriver.java:213)
	at org.openqa.selenium.remote.RemoteWebDriver.&lt;init&gt;(RemoteWebDriver.java:131)
	at org.openqa.selenium.chrome.ChromeDriver.&lt;init&gt;(ChromeDriver.java:181)
	at org.openqa.selenium.chrome.ChromeDriver.&lt;init&gt;(ChromeDriver.java:168)
	at org.openqa.selenium.chrome.ChromeDriver.&lt;init&gt;(ChromeDriver.java:123)
	at utilsBestBuy.UtilsBB.launchBrowser(UtilsBB.java:59)
	at baseBestBuy.BaseClassBB.start(BaseClassBB.java:34)
	at java.base/java.util.ArrayList.forEach(ArrayList.java:1511)
... Removed 35 stack frames</pre></div><a href='#' onClick='toggleBox("stack-trace988557145", this, "Click to show all stack frames", "Click to hide stack frames")'>Click to show all stack frames</a>
<div class='stack-trace' id='stack-trace988557145'><pre>org.openqa.selenium.SessionNotCreatedException: session not created
from no such execution context: uniqueContextId not found
  (Session info: chrome=113.0.5672.127)
Build info: version: &apos;3.141.59&apos;, revision: &apos;e82be7d358&apos;, time: &apos;2018-11-14T08:17:03&apos;
System info: host: &apos;DESKTOP-N995C3G&apos;, ip: &apos;192.168.29.6&apos;, os.name: &apos;Windows 11&apos;, os.arch: &apos;amd64&apos;, os.version: &apos;10.0&apos;, java.version: &apos;17.0.5&apos;
Driver info: driver.version: ChromeDriver
remote stacktrace: Backtrace:
	GetHandleVerifier [0x006D8893+48451]
	(No symbol) [0x0066B8A1]
	(No symbol) [0x00575058]
	(No symbol) [0x005687D0]
	(No symbol) [0x00566F58]
	(No symbol) [0x005675CA]
	(No symbol) [0x00578067]
	(No symbol) [0x00579631]
	(No symbol) [0x005796D0]
	(No symbol) [0x005C1A58]
	(No symbol) [0x005C047C]
	(No symbol) [0x005BA0B6]
	(No symbol) [0x00597E08]
	(No symbol) [0x00598F2D]
	GetHandleVerifier [0x00938E3A+2540266]
	GetHandleVerifier [0x00978959+2801161]
	GetHandleVerifier [0x0097295C+2776588]
	GetHandleVerifier [0x00762280+612144]
	(No symbol) [0x00674F6C]
	(No symbol) [0x006711D8]
	(No symbol) [0x006712BB]
	(No symbol) [0x00664857]
	BaseThreadInitThunk [0x75E87D59+25]
	RtlInitializeExceptionChain [0x77CBB74B+107]
	RtlClearBits [0x77CBB6CF+191]

	at java.base/jdk.internal.reflect.NativeConstructorAccessorImpl.newInstance0(Native Method)
	at java.base/jdk.internal.reflect.NativeConstructorAccessorImpl.newInstance(NativeConstructorAccessorImpl.java:77)
	at java.base/jdk.internal.reflect.DelegatingConstructorAccessorImpl.newInstance(DelegatingConstructorAccessorImpl.java:45)
	at java.base/java.lang.reflect.Constructor.newInstanceWithCaller(Constructor.java:499)
	at java.base/java.lang.reflect.Constructor.newInstance(Constructor.java:480)
	at org.openqa.selenium.remote.W3CHandshakeResponse.lambda$errorHandler$0(W3CHandshakeResponse.java:62)
	at org.openqa.selenium.remote.HandshakeResponse.lambda$getResponseFunction$0(HandshakeResponse.java:30)
	at org.openqa.selenium.remote.ProtocolHandshake.lambda$createSession$0(ProtocolHandshake.java:126)
	at java.base/java.util.stream.ReferencePipeline$3$1.accept(ReferencePipeline.java:197)
	at java.base/java.util.Spliterators$ArraySpliterator.tryAdvance(Spliterators.java:1002)
	at java.base/java.util.stream.ReferencePipeline.forEachWithCancel(ReferencePipeline.java:129)
	at java.base/java.util.stream.AbstractPipeline.copyIntoWithCancel(AbstractPipeline.java:527)
	at java.base/java.util.stream.AbstractPipeline.copyInto(AbstractPipeline.java:513)
	at java.base/java.util.stream.AbstractPipeline.wrapAndCopyInto(AbstractPipeline.java:499)
	at java.base/java.util.stream.FindOps$FindOp.evaluateSequential(FindOps.java:150)
	at java.base/java.util.stream.AbstractPipeline.evaluate(AbstractPipeline.java:234)
	at java.base/java.util.stream.ReferencePipeline.findFirst(ReferencePipeline.java:647)
	at org.openqa.selenium.remote.ProtocolHandshake.createSession(ProtocolHandshake.java:128)
	at org.openqa.selenium.remote.ProtocolHandshake.createSession(ProtocolHandshake.java:74)
	at org.openqa.selenium.remote.HttpCommandExecutor.execute(HttpCommandExecutor.java:136)
	at org.openqa.selenium.remote.service.DriverCommandExecutor.execute(DriverCommandExecutor.java:83)
	at org.openqa.selenium.remote.RemoteWebDriver.execute(RemoteWebDriver.java:552)
	at org.openqa.selenium.remote.RemoteWebDriver.startSession(RemoteWebDriver.java:213)
	at org.openqa.selenium.remote.RemoteWebDriver.&lt;init&gt;(RemoteWebDriver.java:131)
	at org.openqa.selenium.chrome.ChromeDriver.&lt;init&gt;(ChromeDriver.java:181)
	at org.openqa.selenium.chrome.ChromeDriver.&lt;init&gt;(ChromeDriver.java:168)
	at org.openqa.selenium.chrome.ChromeDriver.&lt;init&gt;(ChromeDriver.java:123)
	at utilsBestBuy.UtilsBB.launchBrowser(UtilsBB.java:59)
	at baseBestBuy.BaseClassBB.start(BaseClassBB.java:34)
	at jdk.internal.reflect.GeneratedMethodAccessor5.invoke(Unknown Source)
	at java.base/jdk.internal.reflect.DelegatingMethodAccessorImpl.invoke(DelegatingMethodAccessorImpl.java:43)
	at java.base/java.lang.reflect.Method.invoke(Method.java:568)
	at org.testng.internal.MethodInvocationHelper.invokeMethod(MethodInvocationHelper.java:133)
	at org.testng.internal.MethodInvocationHelper.invokeMethodConsideringTimeout(MethodInvocationHelper.java:62)
	at org.testng.internal.ConfigInvoker.invokeConfigurationMethod(ConfigInvoker.java:385)
	at org.testng.internal.ConfigInvoker.invokeConfigurations(ConfigInvoker.java:321)
	at org.testng.internal.TestInvoker.runConfigMethods(TestInvoker.java:700)
	at org.testng.internal.TestInvoker.invokeMethod(TestInvoker.java:527)
	at org.testng.internal.TestInvoker.invokeTestMethod(TestInvoker.java:173)
	at org.testng.internal.MethodRunner.runInSequence(MethodRunner.java:46)
	at org.testng.internal.TestInvoker$MethodInvocationAgent.invoke(TestInvoker.java:824)
	at org.testng.internal.TestInvoker.invokeTestMethods(TestInvoker.java:146)
	at org.testng.internal.TestMethodWorker.invokeTestMethods(TestMethodWorker.java:146)
	at org.testng.internal.TestMethodWorker.run(TestMethodWorker.java:128)
	at java.base/java.util.ArrayList.forEach(ArrayList.java:1511)
	at org.testng.TestRunner.privateRun(TestRunner.java:794)
	at org.testng.TestRunner.run(TestRunner.java:596)
	at org.testng.SuiteRunner.runTest(SuiteRunner.java:377)
	at org.testng.SuiteRunner.runSequentially(SuiteRunner.java:371)
	at org.testng.SuiteRunner.privateRun(SuiteRunner.java:332)
	at org.testng.SuiteRunner.run(SuiteRunner.java:276)
	at org.testng.SuiteRunnerWorker.runSuite(SuiteRunnerWorker.java:53)
	at org.testng.SuiteRunnerWorker.run(SuiteRunnerWorker.java:96)
	at org.testng.TestNG.runSuitesSequentially(TestNG.java:1212)
	at org.testng.TestNG.runSuitesLocally(TestNG.java:1134)
	at org.testng.TestNG.runSuites(TestNG.java:1063)
	at org.testng.TestNG.run(TestNG.java:1031)
	at org.testng.remote.AbstractRemoteTestNG.run(AbstractRemoteTestNG.java:115)
	at org.testng.remote.RemoteTestNG.initAndRun(RemoteTestNG.java:251)
	at org.testng.remote.RemoteTestNG.main(RemoteTestNG.java:77)
</pre></div></td>
<td>0</td>
<td>testCaseBestBuy.TC_03_SignInFunctionality@3cebbb30</td></tr>
</table><p>
</body>
</html>